<?xml version="1.0" encoding="UTF-8"?>
<!-- Generated by org.testng.reporters.JUnitReportReporter -->
<testsuite skipped="0" hostname="DESKTOP-P1APSV9" name="com.mystore.pageobjects.Afroj" tests="1" failures="0" timestamp="2022-06-28T09:14:29 IST" time="0.010" errors="0">
  <testcase name="demo" time="0.010" classname="com.mystore.pageobjects.Afroj"/>
  <system-out/>
</testsuite> <!-- com.mystore.pageobjects.Afroj -->
